<?xml version="1.0" encoding="UTF-8"?>
<testng-results ignored="0" total="1" passed="0" failed="1" skipped="0">
  <reporter-output>
  </reporter-output>
  <suite started-at="2024-11-30T09:03:24 AST" name="Default suite" finished-at="2024-11-30T09:03:35 AST" duration-ms="11123">
    <groups>
      <group name="cucumber">
        <method signature="AbstractTestNGCucumberTests.runScenario(io.cucumber.testng.PickleWrapper,io.cucumber.testng.FeatureWrapper)[pri:0, instance:cucumberOptions.TestNGRunner@8c3b9d]" name="runScenario" class="io.cucumber.testng.AbstractTestNGCucumberTests"/>
      </group> <!-- cucumber -->
    </groups>
    <test started-at="2024-11-30T09:03:24 AST" name="Default test" finished-at="2024-11-30T09:03:35 AST" duration-ms="11123">
      <class name="cucumberOptions.TestNGRunner">
        <test-method is-config="true" signature="setUpClass(org.testng.ITestContext)[pri:0, instance:cucumberOptions.TestNGRunner@8c3b9d]" started-at="2024-11-30T09:03:24 AST" name="setUpClass" finished-at="2024-11-30T09:03:25 AST" duration-ms="729" status="PASS">
          <params>
            <param index="0">
              <value>
                <![CDATA[org.testng.TestRunner@70d4f672]]>
              </value>
            </param>
          </params>
          <reporter-output>
          </reporter-output>
        </test-method> <!-- setUpClass -->
        <test-method signature="runScenario(io.cucumber.testng.PickleWrapper,io.cucumber.testng.FeatureWrapper)[pri:0, instance:cucumberOptions.TestNGRunner@8c3b9d]" started-at="2024-11-30T09:03:25 AST" name="runScenario" description="Runs Cucumber Scenarios" data-provider="scenarios" finished-at="2024-11-30T09:03:35 AST" duration-ms="10228" status="FAIL">
          <params>
            <param index="0">
              <value>
                <![CDATA["User experience for Cupdating counter"]]>
              </value>
            </param>
            <param index="1">
              <value>
                <![CDATA["Check counter"]]>
              </value>
            </param>
          </params>
          <exception class="org.openqa.selenium.JavascriptException">
            <message>
              <![CDATA[javascript error: Cannot read properties of null (reading 'style')
  (Session info: chrome=131.0.6778.86)
Build info: version: '4.13.0', revision: 'ba948ece5b*'
System info: os.name: 'Windows 11', os.arch: 'amd64', os.version: '10.0', java.version: '17.0.8'
Driver info: org.openqa.selenium.chrome.ChromeDriver
Command: [b9d458eda1a68aa100298c7d1cae92b8, executeScript {script=document.querySelector('flt-scene-host > flt-scene > flt-canvas-container > canvas').style.visibility = 'visible';document.querySelector('flt-scene-host > flt-scene > flt-canvas-container > canvas').style.display = 'block';, args=[]}]
Capabilities {acceptInsecureCerts: false, browserName: chrome, browserVersion: 131.0.6778.86, chrome: {chromedriverVersion: 131.0.6778.85 (3d81e41b6f3a..., userDataDir: C:\Users\hadim\AppData\Loca...}, fedcm:accounts: true, goog:chromeOptions: {debuggerAddress: localhost:60966}, networkConnectionEnabled: false, pageLoadStrategy: normal, platformName: windows, proxy: Proxy(), se:cdp: ws://localhost:60966/devtoo..., se:cdpVersion: 131.0.6778.86, setWindowRect: true, strictFileInteractability: false, timeouts: {implicit: 0, pageLoad: 300000, script: 30000}, unhandledPromptBehavior: dismiss and notify, webauthn:extension:credBlob: true, webauthn:extension:largeBlob: true, webauthn:extension:minPinLength: true, webauthn:extension:prf: true, webauthn:virtualAuthenticators: true}
Session ID: b9d458eda1a68aa100298c7d1cae92b8]]>
            </message>
            <full-stacktrace>
              <![CDATA[org.openqa.selenium.JavascriptException: javascript error: Cannot read properties of null (reading 'style')
  (Session info: chrome=131.0.6778.86)
Build info: version: '4.13.0', revision: 'ba948ece5b*'
System info: os.name: 'Windows 11', os.arch: 'amd64', os.version: '10.0', java.version: '17.0.8'
Driver info: org.openqa.selenium.chrome.ChromeDriver
Command: [b9d458eda1a68aa100298c7d1cae92b8, executeScript {script=document.querySelector('flt-scene-host > flt-scene > flt-canvas-container > canvas').style.visibility = 'visible';document.querySelector('flt-scene-host > flt-scene > flt-canvas-container > canvas').style.display = 'block';, args=[]}]
Capabilities {acceptInsecureCerts: false, browserName: chrome, browserVersion: 131.0.6778.86, chrome: {chromedriverVersion: 131.0.6778.85 (3d81e41b6f3a..., userDataDir: C:\Users\hadim\AppData\Loca...}, fedcm:accounts: true, goog:chromeOptions: {debuggerAddress: localhost:60966}, networkConnectionEnabled: false, pageLoadStrategy: normal, platformName: windows, proxy: Proxy(), se:cdp: ws://localhost:60966/devtoo..., se:cdpVersion: 131.0.6778.86, setWindowRect: true, strictFileInteractability: false, timeouts: {implicit: 0, pageLoad: 300000, script: 30000}, unhandledPromptBehavior: dismiss and notify, webauthn:extension:credBlob: true, webauthn:extension:largeBlob: true, webauthn:extension:minPinLength: true, webauthn:extension:prf: true, webauthn:virtualAuthenticators: true}
Session ID: b9d458eda1a68aa100298c7d1cae92b8
at java.base/jdk.internal.reflect.NativeConstructorAccessorImpl.newInstance0(Native Method)
at java.base/jdk.internal.reflect.NativeConstructorAccessorImpl.newInstance(NativeConstructorAccessorImpl.java:77)
at java.base/jdk.internal.reflect.DelegatingConstructorAccessorImpl.newInstance(DelegatingConstructorAccessorImpl.java:45)
at java.base/java.lang.reflect.Constructor.newInstanceWithCaller(Constructor.java:499)
at java.base/java.lang.reflect.Constructor.newInstance(Constructor.java:480)
at org.openqa.selenium.remote.codec.w3c.W3CHttpResponseCodec.createException(W3CHttpResponseCodec.java:200)
at org.openqa.selenium.remote.codec.w3c.W3CHttpResponseCodec.decode(W3CHttpResponseCodec.java:133)
at org.openqa.selenium.remote.codec.w3c.W3CHttpResponseCodec.decode(W3CHttpResponseCodec.java:52)
at org.openqa.selenium.remote.HttpCommandExecutor.execute(HttpCommandExecutor.java:191)
at org.openqa.selenium.remote.service.DriverCommandExecutor.invokeExecute(DriverCommandExecutor.java:196)
at org.openqa.selenium.remote.service.DriverCommandExecutor.execute(DriverCommandExecutor.java:171)
at org.openqa.selenium.remote.RemoteWebDriver.execute(RemoteWebDriver.java:602)
at org.openqa.selenium.remote.RemoteWebDriver.executeScript(RemoteWebDriver.java:467)
at PageObjects.counterpage.clickonplusbutton(counterpage.java:35)
at StepDefenitions.counterpageStepDefinitions.user_clicks_on_plus_button(counterpageStepDefinitions.java:25)
at ✽.User clicks on plus button(file:///C:/Users/hadim/Documents/MyProjects/Automation_setup/src/test/java/features/web/countertes.feature:5)
]]>
            </full-stacktrace>
          </exception> <!-- org.openqa.selenium.JavascriptException -->
          <reporter-output>
          </reporter-output>
        </test-method> <!-- runScenario -->
        <test-method is-config="true" signature="tearDownClass()[pri:0, instance:cucumberOptions.TestNGRunner@8c3b9d]" started-at="2024-11-30T09:03:35 AST" name="tearDownClass" finished-at="2024-11-30T09:03:35 AST" duration-ms="132" status="PASS">
          <reporter-output>
          </reporter-output>
        </test-method> <!-- tearDownClass -->
      </class> <!-- cucumberOptions.TestNGRunner -->
    </test> <!-- Default test -->
  </suite> <!-- Default suite -->
</testng-results>
